23.10.2021 20:28:07.283 [main] INFO   f.Address_check:58 - find errormessage: {}.Address require a minimum two characters , value: h
23.10.2021 20:28:18.012 [main] INFO   f.Address_check:83 - was expecting an error message because not valid field value: Aa!@#$%^&*()-_+=`~/\,.?><|b /ыйієж.
23.10.2021 20:28:28.817 [main] INFO   f.Address_check:83 - was expecting an error message because not valid field value: pynmpobhtmuxldpresrmodwydjrwohnfglxlrynzqfvcsveewuwrlqdjfkfozzrburcieinblionyiqfggxwbfthrrwgktwzswiq.
23.10.2021 20:28:39.634 [main] INFO   f.Address_check:83 - was expecting an error message because not valid field value: 検査.
23.10.2021 20:28:50.587 [main] INFO   f.Address_check:83 - was expecting an error message because not valid field value: فحص.
24.10.2021 18:20:36.024 [main] INFO   f.Address_check:58 - find errormessage: {}.Address require a minimum two characters , value: h
24.10.2021 18:20:46.779 [main] INFO   f.Address_check:83 - was expecting an error message because not valid field value: Aa!@#$%^&*()-_+=`~/\,.?><|b /ыйієж.
24.10.2021 18:20:57.672 [main] INFO   f.Address_check:83 - was expecting an error message because not valid field value: rxdznfgfgniogcpbomvytutghophxpiqicvatyrfftyguivyfaeyoeavemjbgfulorxbqdwtvgpabuuxwcnimuemlgcptmbmeofr.
24.10.2021 18:21:08.448 [main] INFO   f.Address_check:83 - was expecting an error message because not valid field value: 検査.
24.10.2021 18:21:19.408 [main] INFO   f.Address_check:83 - was expecting an error message because not valid field value: فحص.
24.10.2021 18:21:31.900 [AsyncHttpClient-1-1] WARN   i.n.u.HashedWheelTimer:672 - An exception was thrown by TimerTask.
java.lang.IllegalStateException: cannot be started once stopped
	at io.netty.util.HashedWheelTimer.start(HashedWheelTimer.java:338)
	at io.netty.util.HashedWheelTimer.newTimeout(HashedWheelTimer.java:413)
	at org.asynchttpclient.netty.channel.DefaultChannelPool.scheduleNewIdleChannelDetector(DefaultChannelPool.java:95)
	at org.asynchttpclient.netty.channel.DefaultChannelPool.access$900(DefaultChannelPool.java:43)
	at org.asynchttpclient.netty.channel.DefaultChannelPool$IdleChannelDetector.run(DefaultChannelPool.java:378)
	at io.netty.util.HashedWheelTimer$HashedWheelTimeout.expire(HashedWheelTimer.java:669)
	at io.netty.util.HashedWheelTimer$HashedWheelBucket.expireTimeouts(HashedWheelTimer.java:744)
	at io.netty.util.HashedWheelTimer$Worker.run(HashedWheelTimer.java:469)
	at io.netty.util.concurrent.FastThreadLocalRunnable.run(FastThreadLocalRunnable.java:30)
	at java.base/java.lang.Thread.run(Thread.java:832)
24.10.2021 18:22:51.526 [main] INFO   f.Address_check:58 - find errormessage: {}.Address require a minimum two characters , value: h
24.10.2021 18:23:02.222 [main] INFO   f.Address_check:83 - was expecting an error message because not valid field value: Aa!@#$%^&*()-_+=`~/\,.?><|b /ыйієж.
24.10.2021 18:23:12.937 [main] INFO   f.Address_check:83 - was expecting an error message because not valid field value: vbeslzcbytipdtvtrqcwjipdtptqnypnxqldfcellzqnlflnqvueuadrcpmkuobafzjuiorlfnriwlzjlflufydplvkngkchtdfz.
24.10.2021 18:23:23.699 [main] INFO   f.Address_check:83 - was expecting an error message because not valid field value: 検査.
24.10.2021 18:23:34.592 [main] INFO   f.Address_check:83 - was expecting an error message because not valid field value: فحص.
24.10.2021 18:25:46.916 [main] INFO   f.Address_check:59 - find errormessage: {}.Address require a minimum two characters , value: h
24.10.2021 18:25:57.571 [main] INFO   f.Address_check:84 - was expecting an error message because not valid field value: Aa!@#$%^&*()-_+=`~/\,.?><|b /ыйієж.
24.10.2021 18:26:08.298 [main] INFO   f.Address_check:84 - was expecting an error message because not valid field value: ciyvusyyjkyeufnapnktsgbffamaalbpmpdbnkmbsodxgcjwyrazbemyqlbvqimscdudtmxrwnvdqjnorwnjiiiwdnooaxcnkfyp.
24.10.2021 18:26:19.026 [main] INFO   f.Address_check:84 - was expecting an error message because not valid field value: 検査.
24.10.2021 18:26:29.927 [main] INFO   f.Address_check:84 - was expecting an error message because not valid field value: فحص.
24.10.2021 18:26:35.561 [main] INFO   f.Address_check:47 - checkNameField_positive: {}.false , value: Ivan
24.10.2021 18:26:41.155 [main] INFO   f.Address_check:47 - checkNameField_positive: {}.false , value: abc_12_def 12, kv 123
29.10.2021 16:49:22.502 [main] INFO   f.Address_check:59 - find errormessage: {}.Address require a minimum two characters , value: h
29.10.2021 16:49:33.326 [main] INFO   f.Address_check:84 - was expecting an error message because not valid field value: Aa!@#$%^&*()-_+=`~/\,.?><|b /ыйієж.
29.10.2021 16:49:44.158 [main] INFO   f.Address_check:84 - was expecting an error message because not valid field value: crfbyslraelzbifpubrpkephgeujafziwrirrlcxlldvuzjwqnlnsaurphsyrjwjiispqnypxxfjwanpajlelhfaympekcypqpis.
29.10.2021 16:49:54.942 [main] INFO   f.Address_check:84 - was expecting an error message because not valid field value: 検査.
29.10.2021 16:50:05.937 [main] INFO   f.Address_check:84 - was expecting an error message because not valid field value: فحص.
29.10.2021 16:50:11.615 [main] INFO   f.Address_check:47 - checkNameField_positive: {}.false , value: Ivan
29.10.2021 16:50:17.359 [main] INFO   f.Address_check:47 - checkNameField_positive: {}.false , value: abc_12_def 12, kv 123
23.11.2021 09:15:36.067 [main] INFO   f.Address_check:47 - checkNameField_positive: {}.false , value: Ivan
23.11.2021 09:15:41.667 [main] INFO   f.Address_check:47 - checkNameField_positive: {}.false , value: abc_12_def 12, kv 123
23.11.2021 15:14:21.994 [main] INFO   f.Address_check:59 - find errormessage: {}.Address require a minimum two characters , value: h
23.11.2021 15:14:32.686 [main] INFO   f.Address_check:84 - was expecting an error message because not valid field value: Aa!@#$%^&*()-_+=`~/\,.?><|b /ыйієж.
23.11.2021 15:14:43.444 [main] INFO   f.Address_check:84 - was expecting an error message because not valid field value: hvccvospnqtnoxljwsplvwmgyrbkwqbxrfhciajdjptediogktphrjjvytdjhvttfroembkpskqparrpqoltjejqhbacshgciyit.
23.11.2021 15:14:54.143 [main] INFO   f.Address_check:84 - was expecting an error message because not valid field value: 検査.
23.11.2021 15:15:05.028 [main] INFO   f.Address_check:84 - was expecting an error message because not valid field value: فحص.
23.11.2021 15:15:10.697 [main] INFO   f.Address_check:47 - checkNameField_positive: {}.false , value: Ivan
23.11.2021 15:15:16.288 [main] INFO   f.Address_check:47 - checkNameField_positive: {}.false , value: abc_12_def 12, kv 123
23.11.2021 15:30:10.515 [main] INFO   f.Address_check:59 - find errormessage: {}.Address require a minimum two characters , value: h
23.11.2021 15:30:21.200 [main] INFO   f.Address_check:84 - was expecting an error message because not valid field value: Aa!@#$%^&*()-_+=`~/\,.?><|b /ыйієж.
23.11.2021 15:30:32.060 [main] INFO   f.Address_check:84 - was expecting an error message because not valid field value: opvvcvcdufajpgsxkbfaftttficilxlfsfgseerwfrlhhonunvrvrcbexwooliovllxdsokgdmrrnopugscrrjupiwbbzxdwqcwm.
23.11.2021 15:30:42.733 [main] INFO   f.Address_check:84 - was expecting an error message because not valid field value: 検査.
23.11.2021 15:30:53.627 [main] INFO   f.Address_check:84 - was expecting an error message because not valid field value: فحص.
23.11.2021 15:30:59.423 [main] INFO   f.Address_check:47 - checkNameField_positive: {}.false , value: Ivan
23.11.2021 15:31:05.179 [main] INFO   f.Address_check:47 - checkNameField_positive: {}.false , value: abc_12_def 12, kv 123
23.11.2021 16:05:09.146 [main] INFO   i.g.b.w.WebDriverManager:615 - Using chromedriver 96.0.4664.45 (since Google Chrome 96 is installed in your machine)
23.11.2021 16:05:09.165 [main] INFO   i.g.b.w.WebDriverManager:1077 - Reading https://chromedriver.storage.googleapis.com/ to seek chromedriver
23.11.2021 16:05:09.566 [main] INFO   i.g.b.wdm.Downloader:128 - Downloading https://chromedriver.storage.googleapis.com/96.0.4664.45/chromedriver_win32.zip
23.11.2021 16:05:10.114 [main] INFO   i.g.b.wdm.Downloader:183 - Extracting binary from compressed file chromedriver_win32.zip
23.11.2021 16:05:10.199 [main] INFO   i.g.b.w.WebDriverManager:1113 - Exporting webdriver.chrome.driver as C:\Users\ea74\.m2\repository\webdriver\chromedriver\win32\96.0.4664.45\chromedriver.exe
